<?xml version="1.0" encoding="UTF-8"?>
<!-- Generated by org.testng.reporters.JUnitReportReporter -->
<testsuite skipped="0" hostname="LAPTOP-0HGHKCPC" name="session6Practice.Session6Practice" tests="1" failures="0" timestamp="2021-10-05T19:56:56 CDT" time="7.904" errors="0">
  <testcase name="Session6Tests" time="7.904" classname="session6Practice.Session6Practice"/>
  <system-out/>
</testsuite> <!-- session6Practice.Session6Practice -->
