<?xml version="1.0" encoding="UTF-8"?>
<!-- Generated by org.testng.reporters.JUnitReportReporter -->
<testsuite skipped="0" hostname="LAPTOP-0HGHKCPC" name="session5Practice.Session5Practice" tests="1" failures="0" timestamp="2021-10-05T19:02:37 CDT" time="5.225" errors="0">
  <testcase name="testlogin" time="5.225" classname="session5Practice.Session5Practice"/>
  <system-out/>
</testsuite> <!-- session5Practice.Session5Practice -->
