<?xml version="1.0" encoding="UTF-8"?>
<!-- Generated by org.testng.reporters.JUnitReportReporter -->
<testsuite skipped="0" hostname="LAPTOP-0HGHKCPC" name="session5Practice.FramePractice" tests="1" failures="0" timestamp="2021-10-04T21:31:21 CDT" time="4.944" errors="0">
  <testcase name="testOracleFrames" time="4.944" classname="session5Practice.FramePractice"/>
  <system-out/>
</testsuite> <!-- session5Practice.FramePractice -->
