<?xml version="1.0" encoding="UTF-8"?>
<!-- Generated by org.testng.reporters.JUnitReportReporter -->
<testsuite skipped="0" hostname="LAPTOP-0HGHKCPC" name="session6Practice.ConfigAndGeckoPractice" tests="1" failures="0" timestamp="2021-10-06T20:15:14 CDT" time="6.745" errors="0">
  <testcase name="testrandoninputs" time="6.745" classname="session6Practice.ConfigAndGeckoPractice"/>
  <system-out/>
</testsuite> <!-- session6Practice.ConfigAndGeckoPractice -->
